Compiled jquery.js  (1ms)  (pid 5066)
Compiled jquery_ujs.js  (0ms)  (pid 5066)
Compiled admin/categories.js  (151ms)  (pid 5066)
Compiled admin/dashboards.js  (97ms)  (pid 5066)
Compiled admin/order_items.js  (100ms)  (pid 5066)
Compiled admin/orders.js  (93ms)  (pid 5066)
Compiled admin/products.js  (124ms)  (pid 5066)
Compiled cart_items.js  (93ms)  (pid 5066)
Compiled carts.js  (105ms)  (pid 5066)
Compiled categories.js  (93ms)  (pid 5066)
Compiled magic.js  (0ms)  (pid 5066)
Compiled orders.js  (93ms)  (pid 5066)
Compiled products.js  (93ms)  (pid 5066)
Compiled sessions.js  (93ms)  (pid 5066)
Compiled users.js  (101ms)  (pid 5066)
Compiled application.js  (1378ms)  (pid 5066)
Compiled admin/categories.css  (30ms)  (pid 5066)
Compiled admin/dashboards.css  (0ms)  (pid 5066)
Compiled admin/order_items.css  (1ms)  (pid 5066)
Compiled admin/orders.css  (1ms)  (pid 5066)
Compiled admin/products.css  (1ms)  (pid 5066)
Compiled bootie_rockin.css  (980ms)  (pid 5066)
Compiled cart_items.css  (1ms)  (pid 5066)
Compiled carts.css  (0ms)  (pid 5066)
Compiled categories.css  (0ms)  (pid 5066)
Compiled orders.css  (0ms)  (pid 5066)
Compiled products.css  (0ms)  (pid 5066)
Compiled sessions.css  (1ms)  (pid 5066)
Compiled users.css  (1ms)  (pid 5066)
Compiled application.css  (1119ms)  (pid 5066)
Compiled jquery.js  (1ms)  (pid 5066)
Compiled jquery_ujs.js  (0ms)  (pid 5066)
Compiled admin/categories.js  (93ms)  (pid 5066)
Compiled admin/dashboards.js  (91ms)  (pid 5066)
Compiled admin/order_items.js  (95ms)  (pid 5066)
Compiled admin/orders.js  (89ms)  (pid 5066)
Compiled admin/products.js  (131ms)  (pid 5066)
Compiled cart_items.js  (111ms)  (pid 5066)
Compiled carts.js  (91ms)  (pid 5066)
Compiled categories.js  (93ms)  (pid 5066)
Compiled magic.js  (0ms)  (pid 5066)
Compiled orders.js  (96ms)  (pid 5066)
Compiled products.js  (93ms)  (pid 5066)
Compiled sessions.js  (92ms)  (pid 5066)
Compiled users.js  (127ms)  (pid 5066)
Compiled application.js  (1350ms)  (pid 5066)
Compiled admin/categories.css  (6ms)  (pid 5066)
Compiled admin/dashboards.css  (1ms)  (pid 5066)
Compiled admin/order_items.css  (1ms)  (pid 5066)
Compiled admin/orders.css  (1ms)  (pid 5066)
Compiled admin/products.css  (1ms)  (pid 5066)
Compiled bootie_rockin.css  (959ms)  (pid 5066)
Compiled cart_items.css  (1ms)  (pid 5066)
Compiled carts.css  (1ms)  (pid 5066)
Compiled categories.css  (1ms)  (pid 5066)
Compiled orders.css  (1ms)  (pid 5066)
Compiled products.css  (1ms)  (pid 5066)
Compiled sessions.css  (1ms)  (pid 5066)
Compiled users.css  (1ms)  (pid 5066)
Compiled application.css  (1056ms)  (pid 5066)
